<?xml version="1.0" encoding="UTF-8"?>
<!-- Generated by org.testng.reporters.JUnitReportReporter -->
<testsuite skipped="0" hostname="DESKTOP-08TC7DP" name="TestNGTestcases.Beforeandafterlasses" tests="1" failures="0" timestamp="2020-12-11T21:59:41 IST" time="0.011" errors="0">
  <testcase name="class2test1" time="0.011" classname="TestNGTestcases.Beforeandafterlasses"/>
  <system-out/>
</testsuite> <!-- TestNGTestcases.Beforeandafterlasses -->
