<?xml version="1.0" encoding="UTF-8"?>
<!-- Generated by org.testng.reporters.JUnitReportReporter -->
<testsuite skipped="0" hostname="SamsonEdward" name="TestNGTestcases.TestNGflowofAnnotations" tests="2" failures="0" timestamp="14 May 2020 22:03:33 GMT" time="0.010" errors="0">
  <testcase name="class1test2" time="0.003" classname="TestNGTestcases.TestNGflowofAnnotations"/>
  <testcase name="class1test1" time="0.007" classname="TestNGTestcases.TestNGflowofAnnotations"/>
</testsuite> <!-- TestNGTestcases.TestNGflowofAnnotations -->
