<?xml version="1.0" encoding="UTF-8"?>
<!-- Generated by org.testng.reporters.JUnitReportReporter -->
<testsuite skipped="0" hostname="SamsonEdward" name="TestNGTestcases.RegularExpressionsInDependsOnGroups" tests="5" failures="0" timestamp="15 May 2020 22:06:09 GMT" time="0.047" errors="0">
  <testcase name="purchaseSomething" time="0.002" classname="TestNGTestcases.RegularExpressionsInDependsOnGroups"/>
  <testcase name="signUp" time="0.022" classname="TestNGTestcases.RegularExpressionsInDependsOnGroups"/>
  <testcase name="verifyRegistration" time="0.013" classname="TestNGTestcases.RegularExpressionsInDependsOnGroups"/>
  <testcase name="logIn" time="0.007" classname="TestNGTestcases.RegularExpressionsInDependsOnGroups"/>
  <testcase name="verifyLogIn" time="0.003" classname="TestNGTestcases.RegularExpressionsInDependsOnGroups"/>
</testsuite> <!-- TestNGTestcases.RegularExpressionsInDependsOnGroups -->
