<?xml version="1.0" encoding="UTF-8"?>
<!-- Generated by org.testng.reporters.JUnitReportReporter -->
<testsuite skipped="0" hostname="SamsonEdward" name="TestNGTestcases.Annoationclasslevel" tests="2" failures="0" timestamp="14 May 2020 22:32:20 GMT" time="8.027" errors="0">
  <testcase name="m2" time="4.011" classname="TestNGTestcases.Annoationclasslevel"/>
  <testcase name="m3" time="4.016" classname="TestNGTestcases.Annoationclasslevel"/>
</testsuite> <!-- TestNGTestcases.Annoationclasslevel -->
