<?xml version="1.0" encoding="UTF-8"?>
<!-- Generated by org.testng.reporters.JUnitReportReporter -->
<testsuite skipped="0" hostname="SamsonEdward" name="TestNGTestcases.TestNG_BeforeClass_Beforresuite" tests="1" failures="0" timestamp="15 May 2020 00:13:21 GMT" time="0.012" errors="0">
  <testcase name="operation" time="0.012" classname="TestNGTestcases.TestNG_BeforeClass_Beforresuite"/>
</testsuite> <!-- TestNGTestcases.TestNG_BeforeClass_Beforresuite -->
