<?xml version="1.0" encoding="UTF-8"?>
<!-- Generated by org.testng.reporters.JUnitReportReporter -->
<testsuite skipped="0" hostname="IN-L-7324413" name="TestNG.Autocompletion" tests="1" failures="0" timestamp="2021-03-28T16:36:26 IST" time="5.200" errors="0">
  <testcase name="Autocompletion" time="5.200" classname="TestNG.Autocompletion"/>
  <system-out/>
</testsuite> <!-- TestNG.Autocompletion -->
