<?xml version="1.0" encoding="UTF-8"?>
<!-- Generated by org.testng.reporters.JUnitReportReporter -->
<testsuite skipped="0" hostname="SamsonEdward" name="TestNGTestcases.RegularExpressionsInDependsOnGroups1" tests="5" failures="0" timestamp="15 May 2020 22:11:11 GMT" time="0.037" errors="0">
  <testcase name="purchaseSomething" time="0.007" classname="TestNGTestcases.RegularExpressionsInDependsOnGroups1"/>
  <testcase name="signUp" time="0.018" classname="TestNGTestcases.RegularExpressionsInDependsOnGroups1"/>
  <testcase name="verifyRegistration" time="0.005" classname="TestNGTestcases.RegularExpressionsInDependsOnGroups1"/>
  <testcase name="logIn" time="0.003" classname="TestNGTestcases.RegularExpressionsInDependsOnGroups1"/>
  <testcase name="verifyLogIn" time="0.004" classname="TestNGTestcases.RegularExpressionsInDependsOnGroups1"/>
</testsuite> <!-- TestNGTestcases.RegularExpressionsInDependsOnGroups1 -->
