<?xml version="1.0" encoding="UTF-8"?>
<!-- Generated by org.testng.reporters.JUnitReportReporter -->
<testsuite skipped="0" hostname="SamsonEdward" name="TestNGTestcases.MultiLevelDependency" tests="3" failures="0" timestamp="15 May 2020 21:45:35 GMT" time="0.017" errors="0">
  <testcase name="postStatusOnFacebook" time="0.005" classname="TestNGTestcases.MultiLevelDependency"/>
  <testcase name="loadFacebookURL" time="0.009" classname="TestNGTestcases.MultiLevelDependency"/>
  <testcase name="registerOnFacebook" time="0.003" classname="TestNGTestcases.MultiLevelDependency"/>
</testsuite> <!-- TestNGTestcases.MultiLevelDependency -->
