<?xml version="1.0" encoding="UTF-8"?>
<!-- Generated by org.testng.reporters.JUnitReportReporter -->
<testsuite skipped="0" hostname="SamsonEdward" name="TestNGTestcases.Highandlowpriorty" tests="4" failures="0" timestamp="16 May 2020 05:38:31 GMT" time="0.062" errors="0">
  <testcase name="printMethod" time="0.003" classname="TestNGTestcases.Highandlowpriorty"/>
  <testcase name="$Method" time="0.044" classname="TestNGTestcases.Highandlowpriorty"/>
  <testcase name="PrintMethod" time="0.007" classname="TestNGTestcases.Highandlowpriorty"/>
  <testcase name="_Method" time="0.008" classname="TestNGTestcases.Highandlowpriorty"/>
</testsuite> <!-- TestNGTestcases.Highandlowpriorty -->
