<?xml version="1.0" encoding="UTF-8"?>
<!-- Generated by org.testng.reporters.JUnitReportReporter -->
<testsuite skipped="0" hostname="SamsonEdward" name="TestNGTestcases.Withoutpriorty" tests="4" failures="0" timestamp="16 May 2020 16:31:44 GMT" time="0.031" errors="0">
  <testcase name="M1withPriority" time="0.016" classname="TestNGTestcases.Withoutpriorty"/>
  <testcase name="PrintWithoutPriority" time="0.002" classname="TestNGTestcases.Withoutpriorty"/>
  <testcase name="DispWithoutPriority" time="0.003" classname="TestNGTestcases.Withoutpriorty"/>
  <testcase name="M4withPriority" time="0.010" classname="TestNGTestcases.Withoutpriorty"/>
</testsuite> <!-- TestNGTestcases.Withoutpriorty -->
