<?xml version="1.0" encoding="UTF-8"?>
<!-- Generated by org.testng.reporters.JUnitReportReporter -->
<testsuite skipped="0" hostname="IN-L-7324413" name="TestNG.Dragandrop" tests="1" failures="0" timestamp="2021-03-28T16:38:58 IST" time="7.528" errors="0">
  <testcase name="Dragandrop" time="7.528" classname="TestNG.Dragandrop"/>
  <system-out/>
</testsuite> <!-- TestNG.Dragandrop -->
