<?xml version="1.0" encoding="UTF-8"?>
<!-- Generated by org.testng.reporters.JUnitReportReporter -->
<testsuite skipped="0" hostname="SamsonEdward" name="TestNGTestcases.DependsonTest" tests="4" failures="0" timestamp="15 May 2020 23:05:08 GMT" time="0.042" errors="0">
  <testcase name="advsearch" time="0.006" classname="TestNGTestcases.DependsonTest"/>
  <testcase name="logout" time="0.003" classname="TestNGTestcases.DependsonTest"/>
  <testcase name="search" time="0.010" classname="TestNGTestcases.DependsonTest"/>
  <testcase name="login" time="0.023" classname="TestNGTestcases.DependsonTest"/>
</testsuite> <!-- TestNGTestcases.DependsonTest -->
