<?xml version="1.0" encoding="UTF-8"?>
<!-- Generated by org.testng.reporters.JUnitReportReporter -->
<testsuite skipped="0" hostname="IN-L-7324413" name="TestNG.frames" tests="1" failures="0" timestamp="2021-03-28T17:43:06 IST" time="5.411" errors="0">
  <testcase name="frames" time="5.411" classname="TestNG.frames"/>
  <system-out/>
</testsuite> <!-- TestNG.frames -->
