<?xml version="1.0" encoding="UTF-8"?>
<!-- Generated by org.testng.reporters.JUnitReportReporter -->
<testsuite skipped="0" hostname="SamsonEdward" name="TestNGTestcases.InheritenceTestNGClass" tests="2" failures="0" timestamp="15 May 2020 20:55:26 GMT" time="0.010" errors="0">
  <testcase name="AskSuperClass" time="0.004" classname="TestNGTestcases.InheritenceTestNGClass"/>
  <testcase name="$MethodOfSuper" time="0.006" classname="TestNGTestcases.InheritenceTestNGClass"/>
</testsuite> <!-- TestNGTestcases.InheritenceTestNGClass -->
