<?xml version="1.0" encoding="UTF-8"?>
<!-- Generated by org.testng.reporters.JUnitReportReporter -->
<testsuite skipped="0" hostname="IN-L-7324413" name="TestNG.downloadfiles" tests="1" failures="0" timestamp="2021-03-28T16:40:48 IST" time="9.645" errors="0">
  <testcase name="downloadfiles" time="9.645" classname="TestNG.downloadfiles"/>
  <system-out/>
</testsuite> <!-- TestNG.downloadfiles -->
