<?xml version="1.0" encoding="UTF-8"?>
<!-- Generated by org.testng.reporters.JUnitReportReporter -->
<testsuite skipped="0" hostname="SamsonEdward" name="TestNGTestcases.SampleTestNG" tests="2" failures="0" timestamp="14 May 2020 22:03:13 GMT" time="0.022" errors="0">
  <testcase name="testApp" time="0.010" classname="TestNGTestcases.SampleTestNG"/>
  <testcase name="testLogin" time="0.012" classname="TestNGTestcases.SampleTestNG"/>
</testsuite> <!-- TestNGTestcases.SampleTestNG -->
