<?xml version="1.0" encoding="UTF-8"?>
<!-- Generated by org.testng.reporters.JUnitReportReporter -->
<testsuite skipped="0" hostname="SamsonEdward" name="TestNGTestcases.PriorityAscending" tests="3" failures="0" timestamp="14 May 2020 22:46:47 GMT" time="0.034" errors="0">
  <testcase name="amroodMethod" time="0.024" classname="TestNGTestcases.PriorityAscending"/>
  <testcase name="printMethod" time="0.006" classname="TestNGTestcases.PriorityAscending"/>
  <testcase name="showMethod" time="0.004" classname="TestNGTestcases.PriorityAscending"/>
</testsuite> <!-- TestNGTestcases.PriorityAscending -->
