<?xml version="1.0" encoding="UTF-8"?>
<!-- Generated by org.testng.reporters.JUnitReportReporter -->
<testsuite skipped="0" hostname="IN-L-7324413" name="TestNG.Interactwithimages" tests="1" failures="0" timestamp="2021-03-28T17:37:20 IST" time="6.593" errors="0">
  <testcase name="Interactwithimages" time="6.593" classname="TestNG.Interactwithimages"/>
  <system-out/>
</testsuite> <!-- TestNG.Interactwithimages -->
