<?xml version="1.0" encoding="UTF-8"?>
<!-- Generated by org.testng.reporters.JUnitReportReporter -->
<testsuite skipped="0" hostname="IN-L-7324413" name="TestNG.dropdownpage" tests="1" failures="0" timestamp="2021-03-28T18:29:09 IST" time="6.956" errors="0">
  <testcase name="dropdownpage" time="6.956" classname="TestNG.dropdownpage"/>
  <system-out/>
</testsuite> <!-- TestNG.dropdownpage -->
