<?xml version="1.0" encoding="UTF-8"?>
<!-- Generated by org.testng.reporters.JUnitReportReporter -->
<testsuite skipped="0" hostname="IN-L-7324413" name="TestNG.Edit" tests="1" failures="0" timestamp="2021-03-28T04:52:02 IST" time="7.876" errors="0">
  <testcase name="Edit" time="7.876" classname="TestNG.Edit"/>
  <system-out/>
</testsuite> <!-- TestNG.Edit -->
