<?xml version="1.0" encoding="UTF-8"?>
<!-- Generated by org.testng.reporters.JUnitReportReporter -->
<testsuite skipped="0" hostname="SamsonEdward" name="TestNGTestcases.InheritenceTestNGClass$PriorityExample" tests="6" failures="0" timestamp="15 May 2020 20:55:26 GMT" time="0.048" errors="0">
  <testcase name="printMethod" time="0.008" classname="TestNGTestcases.InheritenceTestNGClass$PriorityExample"/>
  <testcase name="PrintMethod" time="0.004" classname="TestNGTestcases.InheritenceTestNGClass$PriorityExample"/>
  <testcase name="AskSuperClass" time="0.002" classname="TestNGTestcases.InheritenceTestNGClass$PriorityExample"/>
  <testcase name="$Method" time="0.026" classname="TestNGTestcases.InheritenceTestNGClass$PriorityExample"/>
  <testcase name="$MethodOfSuper" time="0.005" classname="TestNGTestcases.InheritenceTestNGClass$PriorityExample"/>
  <testcase name="_Method" time="0.003" classname="TestNGTestcases.InheritenceTestNGClass$PriorityExample"/>
</testsuite> <!-- TestNGTestcases.InheritenceTestNGClass$PriorityExample -->
