<?xml version="1.0" encoding="UTF-8"?>
<!-- Generated by org.testng.reporters.JUnitReportReporter -->
<testsuite skipped="0" hostname="SamsonEdward" name="ParameterizationTestNG.ParametersExampleAtClonstructor" tests="1" failures="0" timestamp="02 Aug 2020 16:12:39 GMT" time="0.006" errors="0">
  <testcase name="testMethod" time="0.006" classname="ParameterizationTestNG.ParametersExampleAtClonstructor"/>
</testsuite> <!-- ParameterizationTestNG.ParametersExampleAtClonstructor -->
