<?xml version="1.0" encoding="UTF-8"?>
<!-- Generated by org.testng.reporters.JUnitReportReporter -->
<testsuite skipped="0" hostname="IN-L-7324413" name="TestNG.Selectable" tests="1" failures="0" timestamp="2021-03-28T17:05:20 IST" time="6.452" errors="0">
  <testcase name="Selectable" time="6.452" classname="TestNG.Selectable"/>
  <system-out/>
</testsuite> <!-- TestNG.Selectable -->
