<?xml version="1.0" encoding="UTF-8"?>
<!-- Generated by org.testng.reporters.JUnitReportReporter -->
<testsuite skipped="0" hostname="SamsonEdward" name="ParameterizationTestNG.ParametersAtMethodLevel" tests="2" failures="0" timestamp="02 Aug 2020 16:12:39 GMT" time="0.004" errors="0">
  <testcase name="testMethod2" time="0.003" classname="ParameterizationTestNG.ParametersAtMethodLevel"/>
  <testcase name="testMethod1" time="0.001" classname="ParameterizationTestNG.ParametersAtMethodLevel"/>
</testsuite> <!-- ParameterizationTestNG.ParametersAtMethodLevel -->
