<?xml version="1.0" encoding="UTF-8"?>
<!-- Generated by org.testng.reporters.JUnitReportReporter -->
<testsuite skipped="0" hostname="SamsonEdward" name="TestNGTestcases.Samepriorty" tests="1" failures="0" timestamp="14 May 2020 23:08:17 GMT" time="0.022" errors="0">
  <testcase name="DuplicatePriorityMethod1" time="0.022" classname="TestNGTestcases.Samepriorty"/>
</testsuite> <!-- TestNGTestcases.Samepriorty -->
