<?xml version="1.0" encoding="UTF-8"?>
<!-- Generated by org.testng.reporters.JUnitReportReporter -->
<testsuite skipped="0" hostname="SamsonEdward" name="TestNGTestcases.DependsonGroupsExample" tests="5" failures="0" timestamp="12 Jun 2020 05:38:52 GMT" time="0.090" errors="0">
  <testcase name="methodC" time="0.006" classname="TestNGTestcases.DependsonGroupsExample"/>
  <testcase name="methodA" time="0.063" classname="TestNGTestcases.DependsonGroupsExample"/>
  <testcase name="finalTest" time="0.003" classname="TestNGTestcases.DependsonGroupsExample"/>
  <testcase name="methodD" time="0.004" classname="TestNGTestcases.DependsonGroupsExample"/>
  <testcase name="methodB" time="0.014" classname="TestNGTestcases.DependsonGroupsExample"/>
</testsuite> <!-- TestNGTestcases.DependsonGroupsExample -->
