<?xml version="1.0" encoding="UTF-8"?>
<!-- Generated by org.testng.reporters.JUnitReportReporter -->
<testsuite skipped="0" hostname="SamsonEdward" name="TestNGTestcases.Inheritencechildclassannotation" tests="4" failures="0" timestamp="14 May 2020 22:37:55 GMT" time="0.038" errors="0">
  <testcase name="m4" time="0.005" classname="TestNGTestcases.Inheritencechildclassannotation"/>
  <testcase name="m1" time="0.022" classname="TestNGTestcases.Inheritencechildclassannotation"/>
  <testcase name="m2" time="0.007" classname="TestNGTestcases.Inheritencechildclassannotation"/>
  <testcase name="m3" time="0.004" classname="TestNGTestcases.Inheritencechildclassannotation"/>
</testsuite> <!-- TestNGTestcases.Inheritencechildclassannotation -->
